<html>
<head>
<title>TestNG:  Full</title>
<link href="../testng.css" rel="stylesheet" type="text/css" />
<link href="../my-testng.css" rel="stylesheet" type="text/css" />

<style type="text/css">
.log { display: none;} 
.stack-trace { display: none;} 
</style>
<script type="text/javascript">
<!--
function flip(e) {
  current = e.style.display;
  if (current == 'block') {
    e.style.display = 'none';
    return 0;
  }
  else {
    e.style.display = 'block';
    return 1;
  }
}

function toggleBox(szDivId, elem, msg1, msg2)
{
  var res = -1;  if (document.getElementById) {
    res = flip(document.getElementById(szDivId));
  }
  else if (document.all) {
    // this is the way old msie versions work
    res = flip(document.all[szDivId]);
  }
  if(elem) {
    if(res == 0) elem.innerHTML = msg1; else elem.innerHTML = msg2;
  }

}

function toggleAllBoxes() {
  if (document.getElementsByTagName) {
    d = document.getElementsByTagName('div');
    for (i = 0; i < d.length; i++) {
      if (d[i].className == 'log') {
        flip(d[i]);
      }
    }
  }
}

// -->
</script>

</head>
<body>
<h2 align='center'>Full</h2><table border='1' align="center">
<tr>
<td>Tests passed/Failed/Skipped:</td><td>13/1/0</td>
</tr><tr>
<td>Started on:</td><td>Fri Sep 12 00:43:03 IST 2014</td>
</tr>
<tr><td>Total time:</td><td>93 seconds (93809 ms)</td>
</tr><tr>
<td>Included groups:</td><td></td>
</tr><tr>
<td>Excluded groups:</td><td></td>
</tr>
</table><p/>
<small><i>(Hover the method name to see the test class name)</i></small><p/>
<table width='100%' border='1' class='invocation-failed'>
<tr><td colspan='4' align='center'><b>FAILED TESTS</b></td></tr>
<tr><td><b>Test method</b></td>
<td width="30%"><b>Exception</b></td>
<td width="10%"><b>Time (seconds)</b></td>
<td><b>Instance</b></td>
</tr>
<tr>
<td title='com.rediff.testcases.Test1.test1_3()'><b>test1_3</b><br>Test class: com.rediff.testcases.Test1</td>
<td><div><pre>java.lang.AssertionError: expected [abc] but found [ab]
	at org.testng.Assert.fail(Assert.java:94)
	at org.testng.Assert.failNotEquals(Assert.java:494)
	at org.testng.Assert.assertEquals(Assert.java:123)
	at org.testng.Assert.assertEquals(Assert.java:176)
	at org.testng.Assert.assertEquals(Assert.java:186)
	at com.rediff.testcases.Test1.test1_3(Test1.java:27)
	at sun.reflect.NativeMethodAccessorImpl.invoke0(Native Method)
	at sun.reflect.NativeMethodAccessorImpl.invoke(Unknown Source)
	at sun.reflect.DelegatingMethodAccessorImpl.invoke(Unknown Source)
	at java.lang.reflect.Method.invoke(Unknown Source)
	at org.testng.internal.MethodInvocationHelper.invokeMethod(MethodInvocationHelper.java:84)
	at org.testng.internal.Invoker.invokeMethod(Invoker.java:714)
	at org.testng.internal.Invoker.invokeTestMethod(Invoker.java:901)
	at org.testng.internal.Invoker.invokeTestMethods(Invoker.java:1231)
	at org.testng.internal.TestMethodWorker.invokeTestMethods(TestMethodWorker.java:127)
	at org.testng.internal.TestMethodWorker.run(TestMethodWorker.java:111)
	at java.util.concurrent.ThreadPoolExecutor.runWorker(Unknown Source)
	at java.util.concurrent.ThreadPoolExecutor$Worker.run(Unknown Source)
	at java.lang.Thread.run(Unknown Source)
</pre></div><a href='#' onClick='toggleBox("stack-trace1489449", this, "Click to show all stack frames", "Click to hide stack frames")'>Click to show all stack frames</a>
<div class='stack-trace' id='stack-trace1489449'><pre>java.lang.AssertionError: expected [abc] but found [ab]
	at org.testng.Assert.fail(Assert.java:94)
	at org.testng.Assert.failNotEquals(Assert.java:494)
	at org.testng.Assert.assertEquals(Assert.java:123)
	at org.testng.Assert.assertEquals(Assert.java:176)
	at org.testng.Assert.assertEquals(Assert.java:186)
	at com.rediff.testcases.Test1.test1_3(Test1.java:27)
	at sun.reflect.NativeMethodAccessorImpl.invoke0(Native Method)
	at sun.reflect.NativeMethodAccessorImpl.invoke(Unknown Source)
	at sun.reflect.DelegatingMethodAccessorImpl.invoke(Unknown Source)
	at java.lang.reflect.Method.invoke(Unknown Source)
	at org.testng.internal.MethodInvocationHelper.invokeMethod(MethodInvocationHelper.java:84)
	at org.testng.internal.Invoker.invokeMethod(Invoker.java:714)
	at org.testng.internal.Invoker.invokeTestMethod(Invoker.java:901)
	at org.testng.internal.Invoker.invokeTestMethods(Invoker.java:1231)
	at org.testng.internal.TestMethodWorker.invokeTestMethods(TestMethodWorker.java:127)
	at org.testng.internal.TestMethodWorker.run(TestMethodWorker.java:111)
	at java.util.concurrent.ThreadPoolExecutor.runWorker(Unknown Source)
	at java.util.concurrent.ThreadPoolExecutor$Worker.run(Unknown Source)
	at java.lang.Thread.run(Unknown Source)
</pre></div></td>
<td>2</td>
<td>com.rediff.testcases.Test1@ef57f8</td></tr>
</table><p>
<table width='100%' border='1' class='invocation-passed'>
<tr><td colspan='4' align='center'><b>PASSED TESTS</b></td></tr>
<tr><td><b>Test method</b></td>
<td width="30%"><b>Exception</b></td>
<td width="10%"><b>Time (seconds)</b></td>
<td><b>Instance</b></td>
</tr>
<tr>
<td title='com.rediff.testcases.Selenium2ExampleST.googleCheeseExample()'><b>googleCheeseExample</b><br>Test class: com.rediff.testcases.Selenium2ExampleST</td>
<td></td>
<td>7</td>
<td>com.rediff.testcases.Selenium2ExampleST@11e9eb</td></tr>
<tr>
<td title='com.rediff.testcases.Selenium2ExampleST.googleMilkExample()'><b>googleMilkExample</b><br>Test class: com.rediff.testcases.Selenium2ExampleST</td>
<td></td>
<td>8</td>
<td>com.rediff.testcases.Selenium2ExampleST@11e9eb</td></tr>
<tr>
<td title='com.rediff.testcases.QuickTestLinFF.linuxTest()'><b>linuxTest</b><br>Test class: com.rediff.testcases.QuickTestLinFF</td>
<td></td>
<td>13</td>
<td>com.rediff.testcases.QuickTestLinFF@1afebc9</td></tr>
<tr>
<td title='com.rediff.testcases.Test1.test1()'><b>test1</b><br>Test class: com.rediff.testcases.Test1</td>
<td></td>
<td>8</td>
<td>com.rediff.testcases.Test1@ef57f8</td></tr>
<tr>
<td title='com.rediff.testcases.Test1.test1_2()'><b>test1_2</b><br>Test class: com.rediff.testcases.Test1</td>
<td></td>
<td>1</td>
<td>com.rediff.testcases.Test1@ef57f8</td></tr>
<tr>
<td title='com.rediff.testcases.Test1.test1_4()'><b>test1_4</b><br>Test class: com.rediff.testcases.Test1</td>
<td></td>
<td>1</td>
<td>com.rediff.testcases.Test1@ef57f8</td></tr>
<tr>
<td title='com.rediff.testcases.Test2.test2()'><b>test2</b><br>Test class: com.rediff.testcases.Test2</td>
<td></td>
<td>7</td>
<td>com.rediff.testcases.Test2@18a3257</td></tr>
<tr>
<td title='com.rediff.testcases.Test3.test3()'><b>test3</b><br>Test class: com.rediff.testcases.Test3</td>
<td></td>
<td>14</td>
<td>com.rediff.testcases.Test3@147bc1</td></tr>
<tr>
<td title='com.rediff.testcases.Test4.test4()'><b>test4</b><br>Test class: com.rediff.testcases.Test4</td>
<td></td>
<td>33</td>
<td>com.rediff.testcases.Test4@1a256c7</td></tr>
<tr>
<td title='com.rediff.testcases.RandomTest.testApp1()'><b>testApp1</b><br>Test class: com.rediff.testcases.RandomTest</td>
<td></td>
<td>0</td>
<td>com.rediff.testcases.RandomTest@1dd1c39</td></tr>
<tr>
<td title='com.rediff.testcases.RandomTest.testApp2()'><b>testApp2</b><br>Test class: com.rediff.testcases.RandomTest</td>
<td></td>
<td>0</td>
<td>com.rediff.testcases.RandomTest@1dd1c39</td></tr>
<tr>
<td title='com.rediff.testcases.RandomTest.testApp3()'><b>testApp3</b><br>Test class: com.rediff.testcases.RandomTest</td>
<td></td>
<td>0</td>
<td>com.rediff.testcases.RandomTest@1dd1c39</td></tr>
<tr>
<td title='com.rediff.testcases.QuickTestWinFF.windowsTest()'><b>windowsTest</b><br>Test class: com.rediff.testcases.QuickTestWinFF</td>
<td></td>
<td>10</td>
<td>com.rediff.testcases.QuickTestWinFF@1788551</td></tr>
</table><p>
</body>
</html>