<html>
<head>
<title>TestNG:  Rediff WebSite Testing</title>
<link href="../testng.css" rel="stylesheet" type="text/css" />
<link href="../my-testng.css" rel="stylesheet" type="text/css" />

<style type="text/css">
.log { display: none;} 
.stack-trace { display: none;} 
</style>
<script type="text/javascript">
<!--
function flip(e) {
  current = e.style.display;
  if (current == 'block') {
    e.style.display = 'none';
    return 0;
  }
  else {
    e.style.display = 'block';
    return 1;
  }
}

function toggleBox(szDivId, elem, msg1, msg2)
{
  var res = -1;  if (document.getElementById) {
    res = flip(document.getElementById(szDivId));
  }
  else if (document.all) {
    // this is the way old msie versions work
    res = flip(document.all[szDivId]);
  }
  if(elem) {
    if(res == 0) elem.innerHTML = msg1; else elem.innerHTML = msg2;
  }

}

function toggleAllBoxes() {
  if (document.getElementsByTagName) {
    d = document.getElementsByTagName('div');
    for (i = 0; i < d.length; i++) {
      if (d[i].className == 'log') {
        flip(d[i]);
      }
    }
  }
}

// -->
</script>

</head>
<body>
<h2 align='center'>Rediff WebSite Testing</h2><table border='1' align="center">
<tr>
<td>Tests passed/Failed/Skipped:</td><td>0/1/9</td>
</tr><tr>
<td>Started on:</td><td>Fri Nov 14 11:50:21 IST 2014</td>
</tr>
<tr><td>Total time:</td><td>23 seconds (23048 ms)</td>
</tr><tr>
<td>Included groups:</td><td>Selenium </td>
</tr><tr>
<td>Excluded groups:</td><td></td>
</tr>
</table><p/>
<small><i>(Hover the method name to see the test class name)</i></small><p/>
<table width='100%' border='1' class='invocation-failed'>
<tr><td colspan='4' align='center'><b>FAILED CONFIGURATIONS</b></td></tr>
<tr><td><b>Test method</b></td>
<td width="30%"><b>Exception</b></td>
<td width="10%"><b>Time (seconds)</b></td>
<td><b>Instance</b></td>
</tr>
<tr>
<td title='com.rediff.testcases.LoginTest.classSetUp()'><b>classSetUp</b><br>Test class: com.rediff.testcases.LoginTest<br>Parameters: localhost</td>
<td><div><pre>com.framework.exception.MyException: Error in connecting with Remote WebDriverorg.openqa.selenium.remote.UnreachableBrowserException: Could not start a new session. Possible causes are invalid address of the remote server or browser start-up failure.
Build info: version: &apos;2.42.1&apos;, revision: &apos;68b415adb11acca4286be45124325cc36cfc4a51&apos;, time: &apos;2014-05-29 09:21:55&apos;
System info: host: &apos;SDGL691&apos;, ip: &apos;10.20.20.29&apos;, os.name: &apos;Windows 7&apos;, os.arch: &apos;x86&apos;, os.version: &apos;6.1&apos;, java.version: &apos;1.7.0_67&apos;
Driver info: driver.version: RemoteWebDriver
	at com.framework.testtemplate.TestBase.startWebDriver(TestBase.java:116)
	at com.rediff.testcases.LoginTest.classSetUp(LoginTest.java:40)
	at sun.reflect.NativeMethodAccessorImpl.invoke0(Native Method)
	at sun.reflect.NativeMethodAccessorImpl.invoke(Unknown Source)
	at sun.reflect.DelegatingMethodAccessorImpl.invoke(Unknown Source)
	at java.lang.reflect.Method.invoke(Unknown Source)
	at org.testng.internal.MethodInvocationHelper.invokeMethod(MethodInvocationHelper.java:84)
	at org.testng.internal.Invoker.invokeConfigurationMethod(Invoker.java:564)
	at org.testng.internal.Invoker.invokeConfigurations(Invoker.java:213)
	at org.testng.internal.Invoker.invokeConfigurations(Invoker.java:138)
	at org.testng.internal.TestMethodWorker.invokeBeforeClassMethods(TestMethodWorker.java:175)
	at org.testng.internal.TestMethodWorker.run(TestMethodWorker.java:107)
	at java.util.concurrent.ThreadPoolExecutor.runWorker(Unknown Source)
	at java.util.concurrent.ThreadPoolExecutor$Worker.run(Unknown Source)
	at java.lang.Thread.run(Unknown Source)
</pre></div><a href='#' onClick='toggleBox("stack-trace26548641", this, "Click to show all stack frames", "Click to hide stack frames")'>Click to show all stack frames</a>
<div class='stack-trace' id='stack-trace26548641'><pre>com.framework.exception.MyException: Error in connecting with Remote WebDriverorg.openqa.selenium.remote.UnreachableBrowserException: Could not start a new session. Possible causes are invalid address of the remote server or browser start-up failure.
Build info: version: &apos;2.42.1&apos;, revision: &apos;68b415adb11acca4286be45124325cc36cfc4a51&apos;, time: &apos;2014-05-29 09:21:55&apos;
System info: host: &apos;SDGL691&apos;, ip: &apos;10.20.20.29&apos;, os.name: &apos;Windows 7&apos;, os.arch: &apos;x86&apos;, os.version: &apos;6.1&apos;, java.version: &apos;1.7.0_67&apos;
Driver info: driver.version: RemoteWebDriver
	at com.framework.testtemplate.TestBase.startWebDriver(TestBase.java:116)
	at com.rediff.testcases.LoginTest.classSetUp(LoginTest.java:40)
	at sun.reflect.NativeMethodAccessorImpl.invoke0(Native Method)
	at sun.reflect.NativeMethodAccessorImpl.invoke(Unknown Source)
	at sun.reflect.DelegatingMethodAccessorImpl.invoke(Unknown Source)
	at java.lang.reflect.Method.invoke(Unknown Source)
	at org.testng.internal.MethodInvocationHelper.invokeMethod(MethodInvocationHelper.java:84)
	at org.testng.internal.Invoker.invokeConfigurationMethod(Invoker.java:564)
	at org.testng.internal.Invoker.invokeConfigurations(Invoker.java:213)
	at org.testng.internal.Invoker.invokeConfigurations(Invoker.java:138)
	at org.testng.internal.TestMethodWorker.invokeBeforeClassMethods(TestMethodWorker.java:175)
	at org.testng.internal.TestMethodWorker.run(TestMethodWorker.java:107)
	at java.util.concurrent.ThreadPoolExecutor.runWorker(Unknown Source)
	at java.util.concurrent.ThreadPoolExecutor$Worker.run(Unknown Source)
	at java.lang.Thread.run(Unknown Source)
</pre></div></td>
<td>0</td>
<td>com.rediff.testcases.LoginTest@24c6ab</td></tr>
<tr>
<td title='com.rediff.testcases.HomePageTest.classSetUp()'><b>classSetUp</b><br>Test class: com.rediff.testcases.HomePageTest<br>Parameters: localhost</td>
<td><div><pre>com.framework.exception.MyException: Error in connecting with Remote WebDriverorg.openqa.selenium.remote.UnreachableBrowserException: Could not start a new session. Possible causes are invalid address of the remote server or browser start-up failure.
Build info: version: &apos;2.42.1&apos;, revision: &apos;68b415adb11acca4286be45124325cc36cfc4a51&apos;, time: &apos;2014-05-29 09:21:55&apos;
System info: host: &apos;SDGL691&apos;, ip: &apos;10.20.20.29&apos;, os.name: &apos;Windows 7&apos;, os.arch: &apos;x86&apos;, os.version: &apos;6.1&apos;, java.version: &apos;1.7.0_67&apos;
Driver info: driver.version: RemoteWebDriver
	at com.framework.testtemplate.TestBase.startWebDriver(TestBase.java:116)
	at com.rediff.testcases.HomePageTest.classSetUp(HomePageTest.java:30)
	at sun.reflect.NativeMethodAccessorImpl.invoke0(Native Method)
	at sun.reflect.NativeMethodAccessorImpl.invoke(Unknown Source)
	at sun.reflect.DelegatingMethodAccessorImpl.invoke(Unknown Source)
	at java.lang.reflect.Method.invoke(Unknown Source)
	at org.testng.internal.MethodInvocationHelper.invokeMethod(MethodInvocationHelper.java:84)
	at org.testng.internal.Invoker.invokeConfigurationMethod(Invoker.java:564)
	at org.testng.internal.Invoker.invokeConfigurations(Invoker.java:213)
	at org.testng.internal.Invoker.invokeConfigurations(Invoker.java:138)
	at org.testng.internal.TestMethodWorker.invokeBeforeClassMethods(TestMethodWorker.java:175)
	at org.testng.internal.TestMethodWorker.run(TestMethodWorker.java:107)
	at java.util.concurrent.ThreadPoolExecutor.runWorker(Unknown Source)
	at java.util.concurrent.ThreadPoolExecutor$Worker.run(Unknown Source)
	at java.lang.Thread.run(Unknown Source)
</pre></div><a href='#' onClick='toggleBox("stack-trace14398951", this, "Click to show all stack frames", "Click to hide stack frames")'>Click to show all stack frames</a>
<div class='stack-trace' id='stack-trace14398951'><pre>com.framework.exception.MyException: Error in connecting with Remote WebDriverorg.openqa.selenium.remote.UnreachableBrowserException: Could not start a new session. Possible causes are invalid address of the remote server or browser start-up failure.
Build info: version: &apos;2.42.1&apos;, revision: &apos;68b415adb11acca4286be45124325cc36cfc4a51&apos;, time: &apos;2014-05-29 09:21:55&apos;
System info: host: &apos;SDGL691&apos;, ip: &apos;10.20.20.29&apos;, os.name: &apos;Windows 7&apos;, os.arch: &apos;x86&apos;, os.version: &apos;6.1&apos;, java.version: &apos;1.7.0_67&apos;
Driver info: driver.version: RemoteWebDriver
	at com.framework.testtemplate.TestBase.startWebDriver(TestBase.java:116)
	at com.rediff.testcases.HomePageTest.classSetUp(HomePageTest.java:30)
	at sun.reflect.NativeMethodAccessorImpl.invoke0(Native Method)
	at sun.reflect.NativeMethodAccessorImpl.invoke(Unknown Source)
	at sun.reflect.DelegatingMethodAccessorImpl.invoke(Unknown Source)
	at java.lang.reflect.Method.invoke(Unknown Source)
	at org.testng.internal.MethodInvocationHelper.invokeMethod(MethodInvocationHelper.java:84)
	at org.testng.internal.Invoker.invokeConfigurationMethod(Invoker.java:564)
	at org.testng.internal.Invoker.invokeConfigurations(Invoker.java:213)
	at org.testng.internal.Invoker.invokeConfigurations(Invoker.java:138)
	at org.testng.internal.TestMethodWorker.invokeBeforeClassMethods(TestMethodWorker.java:175)
	at org.testng.internal.TestMethodWorker.run(TestMethodWorker.java:107)
	at java.util.concurrent.ThreadPoolExecutor.runWorker(Unknown Source)
	at java.util.concurrent.ThreadPoolExecutor$Worker.run(Unknown Source)
	at java.lang.Thread.run(Unknown Source)
</pre></div></td>
<td>0</td>
<td>com.rediff.testcases.HomePageTest@87bd1c</td></tr>
<tr>
<td title='com.rediff.testcases.HomePageTest.TearDown()'><b>TearDown</b><br>Test class: com.rediff.testcases.HomePageTest<br>Parameters: [TestResult name=verifyBrokenLink status=SKIP method=HomePageTest.verifyBrokenLink()[pri:0, instance:com.rediff.testcases.HomePageTest@87bd1c] output={null}], public void com.rediff.testcases.HomePageTest.verifyBrokenLink() throws com.framework.exception.MyException</td>
<td><div><pre>com.framework.exception.MyException: TestBase -&gt; embedScreenShotIntoReport() - null
	at com.framework.report.CaptureBrowserScreenShot.embedScreenShotIntoReport(CaptureBrowserScreenShot.java:88)
	at com.framework.testtemplate.TestBase.TearDown(TestBase.java:202)
	at sun.reflect.NativeMethodAccessorImpl.invoke0(Native Method)
	at sun.reflect.NativeMethodAccessorImpl.invoke(Unknown Source)
	at sun.reflect.DelegatingMethodAccessorImpl.invoke(Unknown Source)
	at java.lang.reflect.Method.invoke(Unknown Source)
	at org.testng.internal.MethodInvocationHelper.invokeMethod(MethodInvocationHelper.java:84)
	at org.testng.internal.Invoker.invokeConfigurationMethod(Invoker.java:564)
	at org.testng.internal.Invoker.invokeConfigurations(Invoker.java:213)
	at org.testng.internal.Invoker.invokeMethod(Invoker.java:786)
	at org.testng.internal.Invoker.invokeTestMethod(Invoker.java:901)
	at org.testng.internal.Invoker.invokeTestMethods(Invoker.java:1231)
	at org.testng.internal.TestMethodWorker.invokeTestMethods(TestMethodWorker.java:127)
	at org.testng.internal.TestMethodWorker.run(TestMethodWorker.java:111)
	at java.util.concurrent.ThreadPoolExecutor.runWorker(Unknown Source)
	at java.util.concurrent.ThreadPoolExecutor$Worker.run(Unknown Source)
	at java.lang.Thread.run(Unknown Source)
</pre></div><a href='#' onClick='toggleBox("stack-trace18717644", this, "Click to show all stack frames", "Click to hide stack frames")'>Click to show all stack frames</a>
<div class='stack-trace' id='stack-trace18717644'><pre>com.framework.exception.MyException: TestBase -&gt; embedScreenShotIntoReport() - null
	at com.framework.report.CaptureBrowserScreenShot.embedScreenShotIntoReport(CaptureBrowserScreenShot.java:88)
	at com.framework.testtemplate.TestBase.TearDown(TestBase.java:202)
	at sun.reflect.NativeMethodAccessorImpl.invoke0(Native Method)
	at sun.reflect.NativeMethodAccessorImpl.invoke(Unknown Source)
	at sun.reflect.DelegatingMethodAccessorImpl.invoke(Unknown Source)
	at java.lang.reflect.Method.invoke(Unknown Source)
	at org.testng.internal.MethodInvocationHelper.invokeMethod(MethodInvocationHelper.java:84)
	at org.testng.internal.Invoker.invokeConfigurationMethod(Invoker.java:564)
	at org.testng.internal.Invoker.invokeConfigurations(Invoker.java:213)
	at org.testng.internal.Invoker.invokeMethod(Invoker.java:786)
	at org.testng.internal.Invoker.invokeTestMethod(Invoker.java:901)
	at org.testng.internal.Invoker.invokeTestMethods(Invoker.java:1231)
	at org.testng.internal.TestMethodWorker.invokeTestMethods(TestMethodWorker.java:127)
	at org.testng.internal.TestMethodWorker.run(TestMethodWorker.java:111)
	at java.util.concurrent.ThreadPoolExecutor.runWorker(Unknown Source)
	at java.util.concurrent.ThreadPoolExecutor$Worker.run(Unknown Source)
	at java.lang.Thread.run(Unknown Source)
</pre></div></td>
<td>0</td>
<td>com.rediff.testcases.HomePageTest@87bd1c</td></tr>
<tr>
<td title='com.rediff.testcases.LoginTest.TearDown()'><b>TearDown</b><br>Test class: com.rediff.testcases.LoginTest<br>Parameters: [TestResult name=blankUserNameBlankPasswordLoginTest status=SKIP method=LoginTest.blankUserNameBlankPasswordLoginTest()[pri:0, instance:com.rediff.testcases.LoginTest@24c6ab] output={null}], public void com.rediff.testcases.LoginTest.blankUserNameBlankPasswordLoginTest() throws com.framework.exception.MyException</td>
<td><div><pre>com.framework.exception.MyException: TestBase -&gt; embedScreenShotIntoReport() - null
	at com.framework.report.CaptureBrowserScreenShot.embedScreenShotIntoReport(CaptureBrowserScreenShot.java:88)
	at com.framework.testtemplate.TestBase.TearDown(TestBase.java:202)
	at sun.reflect.NativeMethodAccessorImpl.invoke0(Native Method)
	at sun.reflect.NativeMethodAccessorImpl.invoke(Unknown Source)
	at sun.reflect.DelegatingMethodAccessorImpl.invoke(Unknown Source)
	at java.lang.reflect.Method.invoke(Unknown Source)
	at org.testng.internal.MethodInvocationHelper.invokeMethod(MethodInvocationHelper.java:84)
	at org.testng.internal.Invoker.invokeConfigurationMethod(Invoker.java:564)
	at org.testng.internal.Invoker.invokeConfigurations(Invoker.java:213)
	at org.testng.internal.Invoker.invokeMethod(Invoker.java:786)
	at org.testng.internal.Invoker.invokeTestMethod(Invoker.java:901)
	at org.testng.internal.Invoker.invokeTestMethods(Invoker.java:1231)
	at org.testng.internal.TestMethodWorker.invokeTestMethods(TestMethodWorker.java:127)
	at org.testng.internal.TestMethodWorker.run(TestMethodWorker.java:111)
	at java.util.concurrent.ThreadPoolExecutor.runWorker(Unknown Source)
	at java.util.concurrent.ThreadPoolExecutor$Worker.run(Unknown Source)
	at java.lang.Thread.run(Unknown Source)
</pre></div><a href='#' onClick='toggleBox("stack-trace31814424", this, "Click to show all stack frames", "Click to hide stack frames")'>Click to show all stack frames</a>
<div class='stack-trace' id='stack-trace31814424'><pre>com.framework.exception.MyException: TestBase -&gt; embedScreenShotIntoReport() - null
	at com.framework.report.CaptureBrowserScreenShot.embedScreenShotIntoReport(CaptureBrowserScreenShot.java:88)
	at com.framework.testtemplate.TestBase.TearDown(TestBase.java:202)
	at sun.reflect.NativeMethodAccessorImpl.invoke0(Native Method)
	at sun.reflect.NativeMethodAccessorImpl.invoke(Unknown Source)
	at sun.reflect.DelegatingMethodAccessorImpl.invoke(Unknown Source)
	at java.lang.reflect.Method.invoke(Unknown Source)
	at org.testng.internal.MethodInvocationHelper.invokeMethod(MethodInvocationHelper.java:84)
	at org.testng.internal.Invoker.invokeConfigurationMethod(Invoker.java:564)
	at org.testng.internal.Invoker.invokeConfigurations(Invoker.java:213)
	at org.testng.internal.Invoker.invokeMethod(Invoker.java:786)
	at org.testng.internal.Invoker.invokeTestMethod(Invoker.java:901)
	at org.testng.internal.Invoker.invokeTestMethods(Invoker.java:1231)
	at org.testng.internal.TestMethodWorker.invokeTestMethods(TestMethodWorker.java:127)
	at org.testng.internal.TestMethodWorker.run(TestMethodWorker.java:111)
	at java.util.concurrent.ThreadPoolExecutor.runWorker(Unknown Source)
	at java.util.concurrent.ThreadPoolExecutor$Worker.run(Unknown Source)
	at java.lang.Thread.run(Unknown Source)
</pre></div></td>
<td>0</td>
<td>com.rediff.testcases.LoginTest@24c6ab</td></tr>
<tr>
<td title='com.rediff.testcases.LoginTest.TearDown()'><b>TearDown</b><br>Test class: com.rediff.testcases.LoginTest<br>Parameters: [TestResult name=blankUserNameRightPasswordLoginTest status=SKIP method=LoginTest.blankUserNameRightPasswordLoginTest(java.util.Hashtable)[pri:0, instance:com.rediff.testcases.LoginTest@24c6ab] output={null}], public void com.rediff.testcases.LoginTest.blankUserNameRightPasswordLoginTest(java.util.Hashtable) throws com.framework.exception.MyException</td>
<td><div><pre>com.framework.exception.MyException: TestBase -&gt; embedScreenShotIntoReport() - null
	at com.framework.report.CaptureBrowserScreenShot.embedScreenShotIntoReport(CaptureBrowserScreenShot.java:88)
	at com.framework.testtemplate.TestBase.TearDown(TestBase.java:202)
	at sun.reflect.NativeMethodAccessorImpl.invoke0(Native Method)
	at sun.reflect.NativeMethodAccessorImpl.invoke(Unknown Source)
	at sun.reflect.DelegatingMethodAccessorImpl.invoke(Unknown Source)
	at java.lang.reflect.Method.invoke(Unknown Source)
	at org.testng.internal.MethodInvocationHelper.invokeMethod(MethodInvocationHelper.java:84)
	at org.testng.internal.Invoker.invokeConfigurationMethod(Invoker.java:564)
	at org.testng.internal.Invoker.invokeConfigurations(Invoker.java:213)
	at org.testng.internal.Invoker.invokeMethod(Invoker.java:786)
	at org.testng.internal.Invoker.invokeTestMethod(Invoker.java:901)
	at org.testng.internal.Invoker.invokeTestMethods(Invoker.java:1231)
	at org.testng.internal.TestMethodWorker.invokeTestMethods(TestMethodWorker.java:127)
	at org.testng.internal.TestMethodWorker.run(TestMethodWorker.java:111)
	at java.util.concurrent.ThreadPoolExecutor.runWorker(Unknown Source)
	at java.util.concurrent.ThreadPoolExecutor$Worker.run(Unknown Source)
	at java.lang.Thread.run(Unknown Source)
</pre></div><a href='#' onClick='toggleBox("stack-trace20392168", this, "Click to show all stack frames", "Click to hide stack frames")'>Click to show all stack frames</a>
<div class='stack-trace' id='stack-trace20392168'><pre>com.framework.exception.MyException: TestBase -&gt; embedScreenShotIntoReport() - null
	at com.framework.report.CaptureBrowserScreenShot.embedScreenShotIntoReport(CaptureBrowserScreenShot.java:88)
	at com.framework.testtemplate.TestBase.TearDown(TestBase.java:202)
	at sun.reflect.NativeMethodAccessorImpl.invoke0(Native Method)
	at sun.reflect.NativeMethodAccessorImpl.invoke(Unknown Source)
	at sun.reflect.DelegatingMethodAccessorImpl.invoke(Unknown Source)
	at java.lang.reflect.Method.invoke(Unknown Source)
	at org.testng.internal.MethodInvocationHelper.invokeMethod(MethodInvocationHelper.java:84)
	at org.testng.internal.Invoker.invokeConfigurationMethod(Invoker.java:564)
	at org.testng.internal.Invoker.invokeConfigurations(Invoker.java:213)
	at org.testng.internal.Invoker.invokeMethod(Invoker.java:786)
	at org.testng.internal.Invoker.invokeTestMethod(Invoker.java:901)
	at org.testng.internal.Invoker.invokeTestMethods(Invoker.java:1231)
	at org.testng.internal.TestMethodWorker.invokeTestMethods(TestMethodWorker.java:127)
	at org.testng.internal.TestMethodWorker.run(TestMethodWorker.java:111)
	at java.util.concurrent.ThreadPoolExecutor.runWorker(Unknown Source)
	at java.util.concurrent.ThreadPoolExecutor$Worker.run(Unknown Source)
	at java.lang.Thread.run(Unknown Source)
</pre></div></td>
<td>0</td>
<td>com.rediff.testcases.LoginTest@24c6ab</td></tr>
<tr>
<td title='com.rediff.testcases.LoginTest.TearDown()'><b>TearDown</b><br>Test class: com.rediff.testcases.LoginTest<br>Parameters: [TestResult name=blankUserNameWrongPasswordLoginTest status=SKIP method=LoginTest.blankUserNameWrongPasswordLoginTest()[pri:0, instance:com.rediff.testcases.LoginTest@24c6ab] output={null}], public void com.rediff.testcases.LoginTest.blankUserNameWrongPasswordLoginTest() throws com.framework.exception.MyException</td>
<td><div><pre>com.framework.exception.MyException: TestBase -&gt; embedScreenShotIntoReport() - null
	at com.framework.report.CaptureBrowserScreenShot.embedScreenShotIntoReport(CaptureBrowserScreenShot.java:88)
	at com.framework.testtemplate.TestBase.TearDown(TestBase.java:202)
	at sun.reflect.NativeMethodAccessorImpl.invoke0(Native Method)
	at sun.reflect.NativeMethodAccessorImpl.invoke(Unknown Source)
	at sun.reflect.DelegatingMethodAccessorImpl.invoke(Unknown Source)
	at java.lang.reflect.Method.invoke(Unknown Source)
	at org.testng.internal.MethodInvocationHelper.invokeMethod(MethodInvocationHelper.java:84)
	at org.testng.internal.Invoker.invokeConfigurationMethod(Invoker.java:564)
	at org.testng.internal.Invoker.invokeConfigurations(Invoker.java:213)
	at org.testng.internal.Invoker.invokeMethod(Invoker.java:786)
	at org.testng.internal.Invoker.invokeTestMethod(Invoker.java:901)
	at org.testng.internal.Invoker.invokeTestMethods(Invoker.java:1231)
	at org.testng.internal.TestMethodWorker.invokeTestMethods(TestMethodWorker.java:127)
	at org.testng.internal.TestMethodWorker.run(TestMethodWorker.java:111)
	at java.util.concurrent.ThreadPoolExecutor.runWorker(Unknown Source)
	at java.util.concurrent.ThreadPoolExecutor$Worker.run(Unknown Source)
	at java.lang.Thread.run(Unknown Source)
</pre></div><a href='#' onClick='toggleBox("stack-trace30019123", this, "Click to show all stack frames", "Click to hide stack frames")'>Click to show all stack frames</a>
<div class='stack-trace' id='stack-trace30019123'><pre>com.framework.exception.MyException: TestBase -&gt; embedScreenShotIntoReport() - null
	at com.framework.report.CaptureBrowserScreenShot.embedScreenShotIntoReport(CaptureBrowserScreenShot.java:88)
	at com.framework.testtemplate.TestBase.TearDown(TestBase.java:202)
	at sun.reflect.NativeMethodAccessorImpl.invoke0(Native Method)
	at sun.reflect.NativeMethodAccessorImpl.invoke(Unknown Source)
	at sun.reflect.DelegatingMethodAccessorImpl.invoke(Unknown Source)
	at java.lang.reflect.Method.invoke(Unknown Source)
	at org.testng.internal.MethodInvocationHelper.invokeMethod(MethodInvocationHelper.java:84)
	at org.testng.internal.Invoker.invokeConfigurationMethod(Invoker.java:564)
	at org.testng.internal.Invoker.invokeConfigurations(Invoker.java:213)
	at org.testng.internal.Invoker.invokeMethod(Invoker.java:786)
	at org.testng.internal.Invoker.invokeTestMethod(Invoker.java:901)
	at org.testng.internal.Invoker.invokeTestMethods(Invoker.java:1231)
	at org.testng.internal.TestMethodWorker.invokeTestMethods(TestMethodWorker.java:127)
	at org.testng.internal.TestMethodWorker.run(TestMethodWorker.java:111)
	at java.util.concurrent.ThreadPoolExecutor.runWorker(Unknown Source)
	at java.util.concurrent.ThreadPoolExecutor$Worker.run(Unknown Source)
	at java.lang.Thread.run(Unknown Source)
</pre></div></td>
<td>0</td>
<td>com.rediff.testcases.LoginTest@24c6ab</td></tr>
<tr>
<td title='com.rediff.testcases.LoginTest.TearDown()'><b>TearDown</b><br>Test class: com.rediff.testcases.LoginTest<br>Parameters: [TestResult name=rightUserNameWrongPasswordLoginTest status=SKIP method=LoginTest.rightUserNameWrongPasswordLoginTest()[pri:0, instance:com.rediff.testcases.LoginTest@24c6ab] output={null}], public void com.rediff.testcases.LoginTest.rightUserNameWrongPasswordLoginTest() throws com.framework.exception.MyException</td>
<td><div><pre>com.framework.exception.MyException: TestBase -&gt; embedScreenShotIntoReport() - null
	at com.framework.report.CaptureBrowserScreenShot.embedScreenShotIntoReport(CaptureBrowserScreenShot.java:88)
	at com.framework.testtemplate.TestBase.TearDown(TestBase.java:202)
	at sun.reflect.NativeMethodAccessorImpl.invoke0(Native Method)
	at sun.reflect.NativeMethodAccessorImpl.invoke(Unknown Source)
	at sun.reflect.DelegatingMethodAccessorImpl.invoke(Unknown Source)
	at java.lang.reflect.Method.invoke(Unknown Source)
	at org.testng.internal.MethodInvocationHelper.invokeMethod(MethodInvocationHelper.java:84)
	at org.testng.internal.Invoker.invokeConfigurationMethod(Invoker.java:564)
	at org.testng.internal.Invoker.invokeConfigurations(Invoker.java:213)
	at org.testng.internal.Invoker.invokeMethod(Invoker.java:786)
	at org.testng.internal.Invoker.invokeTestMethod(Invoker.java:901)
	at org.testng.internal.Invoker.invokeTestMethods(Invoker.java:1231)
	at org.testng.internal.TestMethodWorker.invokeTestMethods(TestMethodWorker.java:127)
	at org.testng.internal.TestMethodWorker.run(TestMethodWorker.java:111)
	at java.util.concurrent.ThreadPoolExecutor.runWorker(Unknown Source)
	at java.util.concurrent.ThreadPoolExecutor$Worker.run(Unknown Source)
	at java.lang.Thread.run(Unknown Source)
</pre></div><a href='#' onClick='toggleBox("stack-trace23831791", this, "Click to show all stack frames", "Click to hide stack frames")'>Click to show all stack frames</a>
<div class='stack-trace' id='stack-trace23831791'><pre>com.framework.exception.MyException: TestBase -&gt; embedScreenShotIntoReport() - null
	at com.framework.report.CaptureBrowserScreenShot.embedScreenShotIntoReport(CaptureBrowserScreenShot.java:88)
	at com.framework.testtemplate.TestBase.TearDown(TestBase.java:202)
	at sun.reflect.NativeMethodAccessorImpl.invoke0(Native Method)
	at sun.reflect.NativeMethodAccessorImpl.invoke(Unknown Source)
	at sun.reflect.DelegatingMethodAccessorImpl.invoke(Unknown Source)
	at java.lang.reflect.Method.invoke(Unknown Source)
	at org.testng.internal.MethodInvocationHelper.invokeMethod(MethodInvocationHelper.java:84)
	at org.testng.internal.Invoker.invokeConfigurationMethod(Invoker.java:564)
	at org.testng.internal.Invoker.invokeConfigurations(Invoker.java:213)
	at org.testng.internal.Invoker.invokeMethod(Invoker.java:786)
	at org.testng.internal.Invoker.invokeTestMethod(Invoker.java:901)
	at org.testng.internal.Invoker.invokeTestMethods(Invoker.java:1231)
	at org.testng.internal.TestMethodWorker.invokeTestMethods(TestMethodWorker.java:127)
	at org.testng.internal.TestMethodWorker.run(TestMethodWorker.java:111)
	at java.util.concurrent.ThreadPoolExecutor.runWorker(Unknown Source)
	at java.util.concurrent.ThreadPoolExecutor$Worker.run(Unknown Source)
	at java.lang.Thread.run(Unknown Source)
</pre></div></td>
<td>0</td>
<td>com.rediff.testcases.LoginTest@24c6ab</td></tr>
<tr>
<td title='com.rediff.testcases.LoginTest.TearDown()'><b>TearDown</b><br>Test class: com.rediff.testcases.LoginTest<br>Parameters: [TestResult name=sucessfullLoginTest status=SKIP method=LoginTest.sucessfullLoginTest(java.util.Hashtable)[pri:0, instance:com.rediff.testcases.LoginTest@24c6ab] output={null}], public void com.rediff.testcases.LoginTest.sucessfullLoginTest(java.util.Hashtable) throws com.framework.exception.MyException</td>
<td><div><pre>com.framework.exception.MyException: TestBase -&gt; embedScreenShotIntoReport() - null
	at com.framework.report.CaptureBrowserScreenShot.embedScreenShotIntoReport(CaptureBrowserScreenShot.java:88)
	at com.framework.testtemplate.TestBase.TearDown(TestBase.java:202)
	at sun.reflect.NativeMethodAccessorImpl.invoke0(Native Method)
	at sun.reflect.NativeMethodAccessorImpl.invoke(Unknown Source)
	at sun.reflect.DelegatingMethodAccessorImpl.invoke(Unknown Source)
	at java.lang.reflect.Method.invoke(Unknown Source)
	at org.testng.internal.MethodInvocationHelper.invokeMethod(MethodInvocationHelper.java:84)
	at org.testng.internal.Invoker.invokeConfigurationMethod(Invoker.java:564)
	at org.testng.internal.Invoker.invokeConfigurations(Invoker.java:213)
	at org.testng.internal.Invoker.invokeMethod(Invoker.java:786)
	at org.testng.internal.Invoker.invokeTestMethod(Invoker.java:901)
	at org.testng.internal.Invoker.invokeTestMethods(Invoker.java:1231)
	at org.testng.internal.TestMethodWorker.invokeTestMethods(TestMethodWorker.java:127)
	at org.testng.internal.TestMethodWorker.run(TestMethodWorker.java:111)
	at java.util.concurrent.ThreadPoolExecutor.runWorker(Unknown Source)
	at java.util.concurrent.ThreadPoolExecutor$Worker.run(Unknown Source)
	at java.lang.Thread.run(Unknown Source)
</pre></div><a href='#' onClick='toggleBox("stack-trace11981998", this, "Click to show all stack frames", "Click to hide stack frames")'>Click to show all stack frames</a>
<div class='stack-trace' id='stack-trace11981998'><pre>com.framework.exception.MyException: TestBase -&gt; embedScreenShotIntoReport() - null
	at com.framework.report.CaptureBrowserScreenShot.embedScreenShotIntoReport(CaptureBrowserScreenShot.java:88)
	at com.framework.testtemplate.TestBase.TearDown(TestBase.java:202)
	at sun.reflect.NativeMethodAccessorImpl.invoke0(Native Method)
	at sun.reflect.NativeMethodAccessorImpl.invoke(Unknown Source)
	at sun.reflect.DelegatingMethodAccessorImpl.invoke(Unknown Source)
	at java.lang.reflect.Method.invoke(Unknown Source)
	at org.testng.internal.MethodInvocationHelper.invokeMethod(MethodInvocationHelper.java:84)
	at org.testng.internal.Invoker.invokeConfigurationMethod(Invoker.java:564)
	at org.testng.internal.Invoker.invokeConfigurations(Invoker.java:213)
	at org.testng.internal.Invoker.invokeMethod(Invoker.java:786)
	at org.testng.internal.Invoker.invokeTestMethod(Invoker.java:901)
	at org.testng.internal.Invoker.invokeTestMethods(Invoker.java:1231)
	at org.testng.internal.TestMethodWorker.invokeTestMethods(TestMethodWorker.java:127)
	at org.testng.internal.TestMethodWorker.run(TestMethodWorker.java:111)
	at java.util.concurrent.ThreadPoolExecutor.runWorker(Unknown Source)
	at java.util.concurrent.ThreadPoolExecutor$Worker.run(Unknown Source)
	at java.lang.Thread.run(Unknown Source)
</pre></div></td>
<td>0</td>
<td>com.rediff.testcases.LoginTest@24c6ab</td></tr>
<tr>
<td title='com.rediff.testcases.LoginTest.TearDown()'><b>TearDown</b><br>Test class: com.rediff.testcases.LoginTest<br>Parameters: [TestResult name=wrongUserNameBlankPasswordLoginTest status=SKIP method=LoginTest.wrongUserNameBlankPasswordLoginTest()[pri:0, instance:com.rediff.testcases.LoginTest@24c6ab] output={null}], public void com.rediff.testcases.LoginTest.wrongUserNameBlankPasswordLoginTest() throws com.framework.exception.MyException</td>
<td><div><pre>com.framework.exception.MyException: TestBase -&gt; embedScreenShotIntoReport() - null
	at com.framework.report.CaptureBrowserScreenShot.embedScreenShotIntoReport(CaptureBrowserScreenShot.java:88)
	at com.framework.testtemplate.TestBase.TearDown(TestBase.java:202)
	at sun.reflect.NativeMethodAccessorImpl.invoke0(Native Method)
	at sun.reflect.NativeMethodAccessorImpl.invoke(Unknown Source)
	at sun.reflect.DelegatingMethodAccessorImpl.invoke(Unknown Source)
	at java.lang.reflect.Method.invoke(Unknown Source)
	at org.testng.internal.MethodInvocationHelper.invokeMethod(MethodInvocationHelper.java:84)
	at org.testng.internal.Invoker.invokeConfigurationMethod(Invoker.java:564)
	at org.testng.internal.Invoker.invokeConfigurations(Invoker.java:213)
	at org.testng.internal.Invoker.invokeMethod(Invoker.java:786)
	at org.testng.internal.Invoker.invokeTestMethod(Invoker.java:901)
	at org.testng.internal.Invoker.invokeTestMethods(Invoker.java:1231)
	at org.testng.internal.TestMethodWorker.invokeTestMethods(TestMethodWorker.java:127)
	at org.testng.internal.TestMethodWorker.run(TestMethodWorker.java:111)
	at java.util.concurrent.ThreadPoolExecutor.runWorker(Unknown Source)
	at java.util.concurrent.ThreadPoolExecutor$Worker.run(Unknown Source)
	at java.lang.Thread.run(Unknown Source)
</pre></div><a href='#' onClick='toggleBox("stack-trace2896346", this, "Click to show all stack frames", "Click to hide stack frames")'>Click to show all stack frames</a>
<div class='stack-trace' id='stack-trace2896346'><pre>com.framework.exception.MyException: TestBase -&gt; embedScreenShotIntoReport() - null
	at com.framework.report.CaptureBrowserScreenShot.embedScreenShotIntoReport(CaptureBrowserScreenShot.java:88)
	at com.framework.testtemplate.TestBase.TearDown(TestBase.java:202)
	at sun.reflect.NativeMethodAccessorImpl.invoke0(Native Method)
	at sun.reflect.NativeMethodAccessorImpl.invoke(Unknown Source)
	at sun.reflect.DelegatingMethodAccessorImpl.invoke(Unknown Source)
	at java.lang.reflect.Method.invoke(Unknown Source)
	at org.testng.internal.MethodInvocationHelper.invokeMethod(MethodInvocationHelper.java:84)
	at org.testng.internal.Invoker.invokeConfigurationMethod(Invoker.java:564)
	at org.testng.internal.Invoker.invokeConfigurations(Invoker.java:213)
	at org.testng.internal.Invoker.invokeMethod(Invoker.java:786)
	at org.testng.internal.Invoker.invokeTestMethod(Invoker.java:901)
	at org.testng.internal.Invoker.invokeTestMethods(Invoker.java:1231)
	at org.testng.internal.TestMethodWorker.invokeTestMethods(TestMethodWorker.java:127)
	at org.testng.internal.TestMethodWorker.run(TestMethodWorker.java:111)
	at java.util.concurrent.ThreadPoolExecutor.runWorker(Unknown Source)
	at java.util.concurrent.ThreadPoolExecutor$Worker.run(Unknown Source)
	at java.lang.Thread.run(Unknown Source)
</pre></div></td>
<td>0</td>
<td>com.rediff.testcases.LoginTest@24c6ab</td></tr>
<tr>
<td title='com.rediff.testcases.LoginTest.TearDown()'><b>TearDown</b><br>Test class: com.rediff.testcases.LoginTest<br>Parameters: [TestResult name=wrongUserNameRightPasswordLoginTest status=SKIP method=LoginTest.wrongUserNameRightPasswordLoginTest()[pri:0, instance:com.rediff.testcases.LoginTest@24c6ab] output={null}], public void com.rediff.testcases.LoginTest.wrongUserNameRightPasswordLoginTest() throws com.framework.exception.MyException</td>
<td><div><pre>com.framework.exception.MyException: TestBase -&gt; embedScreenShotIntoReport() - null
	at com.framework.report.CaptureBrowserScreenShot.embedScreenShotIntoReport(CaptureBrowserScreenShot.java:88)
	at com.framework.testtemplate.TestBase.TearDown(TestBase.java:202)
	at sun.reflect.NativeMethodAccessorImpl.invoke0(Native Method)
	at sun.reflect.NativeMethodAccessorImpl.invoke(Unknown Source)
	at sun.reflect.DelegatingMethodAccessorImpl.invoke(Unknown Source)
	at java.lang.reflect.Method.invoke(Unknown Source)
	at org.testng.internal.MethodInvocationHelper.invokeMethod(MethodInvocationHelper.java:84)
	at org.testng.internal.Invoker.invokeConfigurationMethod(Invoker.java:564)
	at org.testng.internal.Invoker.invokeConfigurations(Invoker.java:213)
	at org.testng.internal.Invoker.invokeMethod(Invoker.java:786)
	at org.testng.internal.Invoker.invokeTestMethod(Invoker.java:901)
	at org.testng.internal.Invoker.invokeTestMethods(Invoker.java:1231)
	at org.testng.internal.TestMethodWorker.invokeTestMethods(TestMethodWorker.java:127)
	at org.testng.internal.TestMethodWorker.run(TestMethodWorker.java:111)
	at java.util.concurrent.ThreadPoolExecutor.runWorker(Unknown Source)
	at java.util.concurrent.ThreadPoolExecutor$Worker.run(Unknown Source)
	at java.lang.Thread.run(Unknown Source)
</pre></div><a href='#' onClick='toggleBox("stack-trace228479", this, "Click to show all stack frames", "Click to hide stack frames")'>Click to show all stack frames</a>
<div class='stack-trace' id='stack-trace228479'><pre>com.framework.exception.MyException: TestBase -&gt; embedScreenShotIntoReport() - null
	at com.framework.report.CaptureBrowserScreenShot.embedScreenShotIntoReport(CaptureBrowserScreenShot.java:88)
	at com.framework.testtemplate.TestBase.TearDown(TestBase.java:202)
	at sun.reflect.NativeMethodAccessorImpl.invoke0(Native Method)
	at sun.reflect.NativeMethodAccessorImpl.invoke(Unknown Source)
	at sun.reflect.DelegatingMethodAccessorImpl.invoke(Unknown Source)
	at java.lang.reflect.Method.invoke(Unknown Source)
	at org.testng.internal.MethodInvocationHelper.invokeMethod(MethodInvocationHelper.java:84)
	at org.testng.internal.Invoker.invokeConfigurationMethod(Invoker.java:564)
	at org.testng.internal.Invoker.invokeConfigurations(Invoker.java:213)
	at org.testng.internal.Invoker.invokeMethod(Invoker.java:786)
	at org.testng.internal.Invoker.invokeTestMethod(Invoker.java:901)
	at org.testng.internal.Invoker.invokeTestMethods(Invoker.java:1231)
	at org.testng.internal.TestMethodWorker.invokeTestMethods(TestMethodWorker.java:127)
	at org.testng.internal.TestMethodWorker.run(TestMethodWorker.java:111)
	at java.util.concurrent.ThreadPoolExecutor.runWorker(Unknown Source)
	at java.util.concurrent.ThreadPoolExecutor$Worker.run(Unknown Source)
	at java.lang.Thread.run(Unknown Source)
</pre></div></td>
<td>0</td>
<td>com.rediff.testcases.LoginTest@24c6ab</td></tr>
<tr>
<td title='com.rediff.testcases.LoginTest.TearDown()'><b>TearDown</b><br>Test class: com.rediff.testcases.LoginTest<br>Parameters: [TestResult name=wrongUserNameWrongPasswordLoginTest status=SKIP method=LoginTest.wrongUserNameWrongPasswordLoginTest()[pri:0, instance:com.rediff.testcases.LoginTest@24c6ab] output={null}], public void com.rediff.testcases.LoginTest.wrongUserNameWrongPasswordLoginTest() throws com.framework.exception.MyException</td>
<td><div><pre>com.framework.exception.MyException: TestBase -&gt; embedScreenShotIntoReport() - null
	at com.framework.report.CaptureBrowserScreenShot.embedScreenShotIntoReport(CaptureBrowserScreenShot.java:88)
	at com.framework.testtemplate.TestBase.TearDown(TestBase.java:202)
	at sun.reflect.NativeMethodAccessorImpl.invoke0(Native Method)
	at sun.reflect.NativeMethodAccessorImpl.invoke(Unknown Source)
	at sun.reflect.DelegatingMethodAccessorImpl.invoke(Unknown Source)
	at java.lang.reflect.Method.invoke(Unknown Source)
	at org.testng.internal.MethodInvocationHelper.invokeMethod(MethodInvocationHelper.java:84)
	at org.testng.internal.Invoker.invokeConfigurationMethod(Invoker.java:564)
	at org.testng.internal.Invoker.invokeConfigurations(Invoker.java:213)
	at org.testng.internal.Invoker.invokeMethod(Invoker.java:786)
	at org.testng.internal.Invoker.invokeTestMethod(Invoker.java:901)
	at org.testng.internal.Invoker.invokeTestMethods(Invoker.java:1231)
	at org.testng.internal.TestMethodWorker.invokeTestMethods(TestMethodWorker.java:127)
	at org.testng.internal.TestMethodWorker.run(TestMethodWorker.java:111)
	at java.util.concurrent.ThreadPoolExecutor.runWorker(Unknown Source)
	at java.util.concurrent.ThreadPoolExecutor$Worker.run(Unknown Source)
	at java.lang.Thread.run(Unknown Source)
</pre></div><a href='#' onClick='toggleBox("stack-trace18396067", this, "Click to show all stack frames", "Click to hide stack frames")'>Click to show all stack frames</a>
<div class='stack-trace' id='stack-trace18396067'><pre>com.framework.exception.MyException: TestBase -&gt; embedScreenShotIntoReport() - null
	at com.framework.report.CaptureBrowserScreenShot.embedScreenShotIntoReport(CaptureBrowserScreenShot.java:88)
	at com.framework.testtemplate.TestBase.TearDown(TestBase.java:202)
	at sun.reflect.NativeMethodAccessorImpl.invoke0(Native Method)
	at sun.reflect.NativeMethodAccessorImpl.invoke(Unknown Source)
	at sun.reflect.DelegatingMethodAccessorImpl.invoke(Unknown Source)
	at java.lang.reflect.Method.invoke(Unknown Source)
	at org.testng.internal.MethodInvocationHelper.invokeMethod(MethodInvocationHelper.java:84)
	at org.testng.internal.Invoker.invokeConfigurationMethod(Invoker.java:564)
	at org.testng.internal.Invoker.invokeConfigurations(Invoker.java:213)
	at org.testng.internal.Invoker.invokeMethod(Invoker.java:786)
	at org.testng.internal.Invoker.invokeTestMethod(Invoker.java:901)
	at org.testng.internal.Invoker.invokeTestMethods(Invoker.java:1231)
	at org.testng.internal.TestMethodWorker.invokeTestMethods(TestMethodWorker.java:127)
	at org.testng.internal.TestMethodWorker.run(TestMethodWorker.java:111)
	at java.util.concurrent.ThreadPoolExecutor.runWorker(Unknown Source)
	at java.util.concurrent.ThreadPoolExecutor$Worker.run(Unknown Source)
	at java.lang.Thread.run(Unknown Source)
</pre></div></td>
<td>0</td>
<td>com.rediff.testcases.LoginTest@24c6ab</td></tr>
</table><p>
<table width='100%' border='1' class='invocation-skipped'>
<tr><td colspan='4' align='center'><b>SKIPPED CONFIGURATIONS</b></td></tr>
<tr><td><b>Test method</b></td>
<td width="30%"><b>Exception</b></td>
<td width="10%"><b>Time (seconds)</b></td>
<td><b>Instance</b></td>
</tr>
<tr>
<td title='com.rediff.testcases.LoginTest.LoginTestSetUp()'><b>LoginTestSetUp</b><br>Test class: com.rediff.testcases.LoginTest</td>
<td></td>
<td>0</td>
<td>com.rediff.testcases.LoginTest@24c6ab</td></tr>
<tr>
<td title='com.rediff.testcases.HomePageTest.HomePageTestSetUp()'><b>HomePageTestSetUp</b><br>Test class: com.rediff.testcases.HomePageTest</td>
<td></td>
<td>0</td>
<td>com.rediff.testcases.HomePageTest@87bd1c</td></tr>
<tr>
<td title='com.rediff.testcases.LoginTest.LoginTestSetUp()'><b>LoginTestSetUp</b><br>Test class: com.rediff.testcases.LoginTest</td>
<td></td>
<td>0</td>
<td>com.rediff.testcases.LoginTest@24c6ab</td></tr>
<tr>
<td title='com.rediff.testcases.LoginTest.LoginTestSetUp()'><b>LoginTestSetUp</b><br>Test class: com.rediff.testcases.LoginTest</td>
<td></td>
<td>0</td>
<td>com.rediff.testcases.LoginTest@24c6ab</td></tr>
<tr>
<td title='com.rediff.testcases.LoginTest.LoginTestSetUp()'><b>LoginTestSetUp</b><br>Test class: com.rediff.testcases.LoginTest</td>
<td></td>
<td>0</td>
<td>com.rediff.testcases.LoginTest@24c6ab</td></tr>
<tr>
<td title='com.rediff.testcases.LoginTest.LoginTestSetUp()'><b>LoginTestSetUp</b><br>Test class: com.rediff.testcases.LoginTest</td>
<td></td>
<td>0</td>
<td>com.rediff.testcases.LoginTest@24c6ab</td></tr>
<tr>
<td title='com.rediff.testcases.LoginTest.LoginTestSetUp()'><b>LoginTestSetUp</b><br>Test class: com.rediff.testcases.LoginTest</td>
<td></td>
<td>0</td>
<td>com.rediff.testcases.LoginTest@24c6ab</td></tr>
<tr>
<td title='com.rediff.testcases.LoginTest.LoginTestSetUp()'><b>LoginTestSetUp</b><br>Test class: com.rediff.testcases.LoginTest</td>
<td></td>
<td>0</td>
<td>com.rediff.testcases.LoginTest@24c6ab</td></tr>
<tr>
<td title='com.rediff.testcases.LoginTest.LoginTestSetUp()'><b>LoginTestSetUp</b><br>Test class: com.rediff.testcases.LoginTest</td>
<td></td>
<td>0</td>
<td>com.rediff.testcases.LoginTest@24c6ab</td></tr>
</table><p>
<table width='100%' border='1' class='invocation-failed'>
<tr><td colspan='4' align='center'><b>FAILED TESTS</b></td></tr>
<tr><td><b>Test method</b></td>
<td width="30%"><b>Exception</b></td>
<td width="10%"><b>Time (seconds)</b></td>
<td><b>Instance</b></td>
</tr>
<tr>
<td title='com.rediff.testcases.LoginTest.rightUserNameBlankPasswordLoginTest()'><b>rightUserNameBlankPasswordLoginTest</b><br>Test class: com.rediff.testcases.LoginTest</td>
<td><div><pre>org.testng.TestNGException: 
The data provider is trying to pass 1 parameters but the method com.rediff.testcases.LoginTest#rightUserNameBlankPasswordLoginTest takes 0
	at org.testng.internal.Invoker.injectParameters(Invoker.java:1337)
	at org.testng.internal.Invoker.invokeTestMethods(Invoker.java:1225)
	at org.testng.internal.TestMethodWorker.invokeTestMethods(TestMethodWorker.java:127)
	at org.testng.internal.TestMethodWorker.run(TestMethodWorker.java:111)
	at java.util.concurrent.ThreadPoolExecutor.runWorker(Unknown Source)
	at java.util.concurrent.ThreadPoolExecutor$Worker.run(Unknown Source)
	at java.lang.Thread.run(Unknown Source)
</pre></div><a href='#' onClick='toggleBox("stack-trace32832696", this, "Click to show all stack frames", "Click to hide stack frames")'>Click to show all stack frames</a>
<div class='stack-trace' id='stack-trace32832696'><pre>org.testng.TestNGException: 
The data provider is trying to pass 1 parameters but the method com.rediff.testcases.LoginTest#rightUserNameBlankPasswordLoginTest takes 0
	at org.testng.internal.Invoker.injectParameters(Invoker.java:1337)
	at org.testng.internal.Invoker.invokeTestMethods(Invoker.java:1225)
	at org.testng.internal.TestMethodWorker.invokeTestMethods(TestMethodWorker.java:127)
	at org.testng.internal.TestMethodWorker.run(TestMethodWorker.java:111)
	at java.util.concurrent.ThreadPoolExecutor.runWorker(Unknown Source)
	at java.util.concurrent.ThreadPoolExecutor$Worker.run(Unknown Source)
	at java.lang.Thread.run(Unknown Source)
</pre></div></td>
<td>0</td>
<td>com.rediff.testcases.LoginTest@24c6ab</td></tr>
</table><p>
<table width='100%' border='1' class='invocation-skipped'>
<tr><td colspan='4' align='center'><b>SKIPPED TESTS</b></td></tr>
<tr><td><b>Test method</b></td>
<td width="30%"><b>Exception</b></td>
<td width="10%"><b>Time (seconds)</b></td>
<td><b>Instance</b></td>
</tr>
<tr>
<td title='com.rediff.testcases.LoginTest.blankUserNameBlankPasswordLoginTest()'><b>blankUserNameBlankPasswordLoginTest</b><br>Test class: com.rediff.testcases.LoginTest</td>
<td></td>
<td>0</td>
<td>com.rediff.testcases.LoginTest@24c6ab</td></tr>
<tr>
<td title='com.rediff.testcases.LoginTest.blankUserNameRightPasswordLoginTest()'><b>blankUserNameRightPasswordLoginTest</b><br>Test class: com.rediff.testcases.LoginTest<br>Parameters: {Username=ancd@gmail.com, Password=affirm123}</td>
<td></td>
<td>0</td>
<td>com.rediff.testcases.LoginTest@24c6ab</td></tr>
<tr>
<td title='com.rediff.testcases.LoginTest.blankUserNameWrongPasswordLoginTest()'><b>blankUserNameWrongPasswordLoginTest</b><br>Test class: com.rediff.testcases.LoginTest</td>
<td></td>
<td>0</td>
<td>com.rediff.testcases.LoginTest@24c6ab</td></tr>
<tr>
<td title='com.rediff.testcases.LoginTest.rightUserNameWrongPasswordLoginTest()'><b>rightUserNameWrongPasswordLoginTest</b><br>Test class: com.rediff.testcases.LoginTest</td>
<td></td>
<td>0</td>
<td>com.rediff.testcases.LoginTest@24c6ab</td></tr>
<tr>
<td title='com.rediff.testcases.LoginTest.sucessfullLoginTest()'><b>sucessfullLoginTest</b><br>Test class: com.rediff.testcases.LoginTest<br>Parameters: {Username=ancd@gmail.com, Password=affirm123, Runmode=Y, Flag=Y}</td>
<td></td>
<td>0</td>
<td>com.rediff.testcases.LoginTest@24c6ab</td></tr>
<tr>
<td title='com.rediff.testcases.HomePageTest.verifyBrokenLink()'><b>verifyBrokenLink</b><br>Test class: com.rediff.testcases.HomePageTest</td>
<td></td>
<td>0</td>
<td>com.rediff.testcases.HomePageTest@87bd1c</td></tr>
<tr>
<td title='com.rediff.testcases.LoginTest.wrongUserNameBlankPasswordLoginTest()'><b>wrongUserNameBlankPasswordLoginTest</b><br>Test class: com.rediff.testcases.LoginTest</td>
<td></td>
<td>0</td>
<td>com.rediff.testcases.LoginTest@24c6ab</td></tr>
<tr>
<td title='com.rediff.testcases.LoginTest.wrongUserNameRightPasswordLoginTest()'><b>wrongUserNameRightPasswordLoginTest</b><br>Test class: com.rediff.testcases.LoginTest</td>
<td></td>
<td>0</td>
<td>com.rediff.testcases.LoginTest@24c6ab</td></tr>
<tr>
<td title='com.rediff.testcases.LoginTest.wrongUserNameWrongPasswordLoginTest()'><b>wrongUserNameWrongPasswordLoginTest</b><br>Test class: com.rediff.testcases.LoginTest</td>
<td></td>
<td>0</td>
<td>com.rediff.testcases.LoginTest@24c6ab</td></tr>
</table><p>
</body>
</html>