<!DOCTYPE html PUBLIC "-//W3C//DTD XHTML 1.1//EN" "http://www.w3.org/TR/xhtml11/DTD/xhtml11.dtd">
<html xmlns="http://www.w3.org/1999/xhtml"><head><title>TestNG Report</title><style type="text/css">table {margin-bottom:10px;border-collapse:collapse;empty-cells:show}th,td {border:1px solid #009;padding:.25em .5em}th {vertical-align:bottom}td {vertical-align:top}table a {font-weight:bold}.stripe td {background-color: #E6EBF9}.num {text-align:right}.passedodd td {background-color: #3F3}.passedeven td {background-color: #0A0}.skippedodd td {background-color: #DDD}.skippedeven td {background-color: #CCC}.failedodd td,.attn {background-color: #F33}.failedeven td,.stripe .attn {background-color: #D00}.stacktrace {white-space:pre;font-family:monospace}.totop {font-size:85%;text-align:center;border-bottom:2px solid #000}</style></head><body><table><tr><th>Test</th><th># Passed</th><th># Skipped</th><th># Failed</th><th>Time (ms)</th><th>Included Groups</th><th>Excluded Groups</th></tr><tr><th colspan="7">Rediff Mail Execution Suite</th></tr><tr><td><a href="#t0">Rediff WebSite Testing</a></td><td class="num">0</td><td class="num attn">9</td><td class="num attn">1</td><td class="num">23,048</td><td>Selenium</td><td></td></tr></table><table><thead><tr><th>Class</th><th>Method</th><th>Start</th><th>Time (ms)</th></tr></thead><tbody><tr><th colspan="4">Rediff Mail Execution Suite</th></tr></tbody><tbody id="t0"><tr><th colspan="4">Rediff WebSite Testing &#8212; failed (configuration methods)</th></tr><tr class="failedeven"><td rowspan="2">com.rediff.testcases.HomePageTest</td><td><a href="#m0">TearDown</a></td><td rowspan="1">1415946039865</td><td rowspan="1">0</td></tr><tr class="failedeven"><td><a href="#m1">classSetUp</a></td><td rowspan="1">1415946022943</td><td rowspan="1">0</td></tr><tr class="failedodd"><td rowspan="9">com.rediff.testcases.LoginTest</td><td><a href="#m2">TearDown</a></td><td rowspan="8">1415946039872</td><td rowspan="8">0</td></tr><tr class="failedodd"><td><a href="#m3">TearDown</a></td></tr><tr class="failedodd"><td><a href="#m4">TearDown</a></td></tr><tr class="failedodd"><td><a href="#m5">TearDown</a></td></tr><tr class="failedodd"><td><a href="#m6">TearDown</a></td></tr><tr class="failedodd"><td><a href="#m7">TearDown</a></td></tr><tr class="failedodd"><td><a href="#m8">TearDown</a></td></tr><tr class="failedodd"><td><a href="#m9">TearDown</a></td></tr><tr class="failedodd"><td><a href="#m10">classSetUp</a></td><td rowspan="1">1415946022943</td><td rowspan="1">0</td></tr><tr><th colspan="4">Rediff WebSite Testing &#8212; failed</th></tr><tr class="failedeven"><td rowspan="1">com.rediff.testcases.LoginTest</td><td><a href="#m11">rightUserNameBlankPasswordLoginTest</a></td><td rowspan="1">1415946044769</td><td rowspan="1">9</td></tr><tr><th colspan="4">Rediff WebSite Testing &#8212; skipped (configuration methods)</th></tr><tr class="skippedeven"><td rowspan="1">com.rediff.testcases.HomePageTest</td><td><a href="#m12">HomePageTestSetUp</a></td><td rowspan="1">1415946039848</td><td rowspan="1">0</td></tr><tr class="skippedodd"><td rowspan="8">com.rediff.testcases.LoginTest</td><td><a href="#m13">LoginTestSetUp</a></td><td rowspan="8">1415946044826</td><td rowspan="8">0</td></tr><tr class="skippedodd"><td><a href="#m14">LoginTestSetUp</a></td></tr><tr class="skippedodd"><td><a href="#m15">LoginTestSetUp</a></td></tr><tr class="skippedodd"><td><a href="#m16">LoginTestSetUp</a></td></tr><tr class="skippedodd"><td><a href="#m17">LoginTestSetUp</a></td></tr><tr class="skippedodd"><td><a href="#m18">LoginTestSetUp</a></td></tr><tr class="skippedodd"><td><a href="#m19">LoginTestSetUp</a></td></tr><tr class="skippedodd"><td><a href="#m20">LoginTestSetUp</a></td></tr><tr><th colspan="4">Rediff WebSite Testing &#8212; skipped</th></tr><tr class="skippedeven"><td rowspan="1">com.rediff.testcases.HomePageTest</td><td><a href="#m21">verifyBrokenLink</a></td><td rowspan="1">1415946039859</td><td rowspan="1">4</td></tr><tr class="skippedodd"><td rowspan="8">com.rediff.testcases.LoginTest</td><td><a href="#m22">blankUserNameBlankPasswordLoginTest</a></td><td rowspan="1">1415946039852</td><td rowspan="1">9</td></tr><tr class="skippedodd"><td><a href="#m23">blankUserNameRightPasswordLoginTest</a></td><td rowspan="1">1415946043474</td><td rowspan="1">3</td></tr><tr class="skippedodd"><td><a href="#m24">blankUserNameWrongPasswordLoginTest</a></td><td rowspan="1">1415946044751</td><td rowspan="1">4</td></tr><tr class="skippedodd"><td><a href="#m25">rightUserNameWrongPasswordLoginTest</a></td><td rowspan="1">1415946044782</td><td rowspan="1">2</td></tr><tr class="skippedodd"><td><a href="#m26">sucessfullLoginTest</a></td><td rowspan="1">1415946044795</td><td rowspan="1">2</td></tr><tr class="skippedodd"><td><a href="#m27">wrongUserNameBlankPasswordLoginTest</a></td><td rowspan="1">1415946044805</td><td rowspan="1">2</td></tr><tr class="skippedodd"><td><a href="#m28">wrongUserNameRightPasswordLoginTest</a></td><td rowspan="1">1415946044816</td><td rowspan="1">2</td></tr><tr class="skippedodd"><td><a href="#m29">wrongUserNameWrongPasswordLoginTest</a></td><td rowspan="1">1415946044828</td><td rowspan="1">3</td></tr></tbody></table><h2>Rediff WebSite Testing</h2><h3 id="m0">com.rediff.testcases.HomePageTest#TearDown</h3><table class="result"><tr class="param"><th>Parameter #1</th><th>Parameter #2</th></tr><tr class="param stripe"><td>[TestResult name=verifyBrokenLink status=SKIP method=HomePageTest.verifyBrokenLink()[pri:0, instance:com.rediff.testcases.HomePageTest@87bd1c] output={null}]</td><td>public void com.rediff.testcases.HomePageTest.verifyBrokenLink() throws com.framework.exception.MyException</td></tr><tr><th colspan="2">Exception</th></tr><tr><td colspan="2"><div class="stacktrace">com.framework.exception.MyException: TestBase -&gt; embedScreenShotIntoReport() - null
	at com.framework.report.CaptureBrowserScreenShot.embedScreenShotIntoReport(CaptureBrowserScreenShot.java:88)
	at com.framework.testtemplate.TestBase.TearDown(TestBase.java:202)
	at sun.reflect.NativeMethodAccessorImpl.invoke0(Native Method)
	at sun.reflect.NativeMethodAccessorImpl.invoke(Unknown Source)
	at sun.reflect.DelegatingMethodAccessorImpl.invoke(Unknown Source)
	at java.lang.reflect.Method.invoke(Unknown Source)
	at org.testng.internal.MethodInvocationHelper.invokeMethod(MethodInvocationHelper.java:84)
	at org.testng.internal.Invoker.invokeConfigurationMethod(Invoker.java:564)
	at org.testng.internal.Invoker.invokeConfigurations(Invoker.java:213)
	at org.testng.internal.Invoker.invokeMethod(Invoker.java:786)
	at org.testng.internal.Invoker.invokeTestMethod(Invoker.java:901)
	at org.testng.internal.Invoker.invokeTestMethods(Invoker.java:1231)
	at org.testng.internal.TestMethodWorker.invokeTestMethods(TestMethodWorker.java:127)
	at org.testng.internal.TestMethodWorker.run(TestMethodWorker.java:111)
	at java.util.concurrent.ThreadPoolExecutor.runWorker(Unknown Source)
	at java.util.concurrent.ThreadPoolExecutor$Worker.run(Unknown Source)
	at java.lang.Thread.run(Unknown Source)
</div></td></tr></table><p class="totop"><a href="#summary">back to summary</a></p><h3 id="m1">com.rediff.testcases.HomePageTest#classSetUp</h3><table class="result"><tr class="param"><th>Parameter #1</th></tr><tr class="param stripe"><td>localhost</td></tr><tr><th>Exception</th></tr><tr><td><div class="stacktrace">com.framework.exception.MyException: Error in connecting with Remote WebDriverorg.openqa.selenium.remote.UnreachableBrowserException: Could not start a new session. Possible causes are invalid address of the remote server or browser start-up failure.
Build info: version: &apos;2.42.1&apos;, revision: &apos;68b415adb11acca4286be45124325cc36cfc4a51&apos;, time: &apos;2014-05-29 09:21:55&apos;
System info: host: &apos;SDGL691&apos;, ip: &apos;10.20.20.29&apos;, os.name: &apos;Windows 7&apos;, os.arch: &apos;x86&apos;, os.version: &apos;6.1&apos;, java.version: &apos;1.7.0_67&apos;
Driver info: driver.version: RemoteWebDriver
	at com.framework.testtemplate.TestBase.startWebDriver(TestBase.java:116)
	at com.rediff.testcases.HomePageTest.classSetUp(HomePageTest.java:30)
	at sun.reflect.NativeMethodAccessorImpl.invoke0(Native Method)
	at sun.reflect.NativeMethodAccessorImpl.invoke(Unknown Source)
	at sun.reflect.DelegatingMethodAccessorImpl.invoke(Unknown Source)
	at java.lang.reflect.Method.invoke(Unknown Source)
	at org.testng.internal.MethodInvocationHelper.invokeMethod(MethodInvocationHelper.java:84)
	at org.testng.internal.Invoker.invokeConfigurationMethod(Invoker.java:564)
	at org.testng.internal.Invoker.invokeConfigurations(Invoker.java:213)
	at org.testng.internal.Invoker.invokeConfigurations(Invoker.java:138)
	at org.testng.internal.TestMethodWorker.invokeBeforeClassMethods(TestMethodWorker.java:175)
	at org.testng.internal.TestMethodWorker.run(TestMethodWorker.java:107)
	at java.util.concurrent.ThreadPoolExecutor.runWorker(Unknown Source)
	at java.util.concurrent.ThreadPoolExecutor$Worker.run(Unknown Source)
	at java.lang.Thread.run(Unknown Source)
</div></td></tr></table><p class="totop"><a href="#summary">back to summary</a></p><h3 id="m2">com.rediff.testcases.LoginTest#TearDown</h3><table class="result"><tr class="param"><th>Parameter #1</th><th>Parameter #2</th></tr><tr class="param stripe"><td>[TestResult name=blankUserNameBlankPasswordLoginTest status=SKIP method=LoginTest.blankUserNameBlankPasswordLoginTest()[pri:0, instance:com.rediff.testcases.LoginTest@24c6ab] output={null}]</td><td>public void com.rediff.testcases.LoginTest.blankUserNameBlankPasswordLoginTest() throws com.framework.exception.MyException</td></tr><tr><th colspan="2">Exception</th></tr><tr><td colspan="2"><div class="stacktrace">com.framework.exception.MyException: TestBase -&gt; embedScreenShotIntoReport() - null
	at com.framework.report.CaptureBrowserScreenShot.embedScreenShotIntoReport(CaptureBrowserScreenShot.java:88)
	at com.framework.testtemplate.TestBase.TearDown(TestBase.java:202)
	at sun.reflect.NativeMethodAccessorImpl.invoke0(Native Method)
	at sun.reflect.NativeMethodAccessorImpl.invoke(Unknown Source)
	at sun.reflect.DelegatingMethodAccessorImpl.invoke(Unknown Source)
	at java.lang.reflect.Method.invoke(Unknown Source)
	at org.testng.internal.MethodInvocationHelper.invokeMethod(MethodInvocationHelper.java:84)
	at org.testng.internal.Invoker.invokeConfigurationMethod(Invoker.java:564)
	at org.testng.internal.Invoker.invokeConfigurations(Invoker.java:213)
	at org.testng.internal.Invoker.invokeMethod(Invoker.java:786)
	at org.testng.internal.Invoker.invokeTestMethod(Invoker.java:901)
	at org.testng.internal.Invoker.invokeTestMethods(Invoker.java:1231)
	at org.testng.internal.TestMethodWorker.invokeTestMethods(TestMethodWorker.java:127)
	at org.testng.internal.TestMethodWorker.run(TestMethodWorker.java:111)
	at java.util.concurrent.ThreadPoolExecutor.runWorker(Unknown Source)
	at java.util.concurrent.ThreadPoolExecutor$Worker.run(Unknown Source)
	at java.lang.Thread.run(Unknown Source)
</div></td></tr></table><p class="totop"><a href="#summary">back to summary</a></p><h3 id="m3">com.rediff.testcases.LoginTest#TearDown</h3><table class="result"><tr class="param"><th>Parameter #1</th><th>Parameter #2</th></tr><tr class="param stripe"><td>[TestResult name=wrongUserNameRightPasswordLoginTest status=SKIP method=LoginTest.wrongUserNameRightPasswordLoginTest()[pri:0, instance:com.rediff.testcases.LoginTest@24c6ab] output={null}]</td><td>public void com.rediff.testcases.LoginTest.wrongUserNameRightPasswordLoginTest() throws com.framework.exception.MyException</td></tr><tr><th colspan="2">Exception</th></tr><tr><td colspan="2"><div class="stacktrace">com.framework.exception.MyException: TestBase -&gt; embedScreenShotIntoReport() - null
	at com.framework.report.CaptureBrowserScreenShot.embedScreenShotIntoReport(CaptureBrowserScreenShot.java:88)
	at com.framework.testtemplate.TestBase.TearDown(TestBase.java:202)
	at sun.reflect.NativeMethodAccessorImpl.invoke0(Native Method)
	at sun.reflect.NativeMethodAccessorImpl.invoke(Unknown Source)
	at sun.reflect.DelegatingMethodAccessorImpl.invoke(Unknown Source)
	at java.lang.reflect.Method.invoke(Unknown Source)
	at org.testng.internal.MethodInvocationHelper.invokeMethod(MethodInvocationHelper.java:84)
	at org.testng.internal.Invoker.invokeConfigurationMethod(Invoker.java:564)
	at org.testng.internal.Invoker.invokeConfigurations(Invoker.java:213)
	at org.testng.internal.Invoker.invokeMethod(Invoker.java:786)
	at org.testng.internal.Invoker.invokeTestMethod(Invoker.java:901)
	at org.testng.internal.Invoker.invokeTestMethods(Invoker.java:1231)
	at org.testng.internal.TestMethodWorker.invokeTestMethods(TestMethodWorker.java:127)
	at org.testng.internal.TestMethodWorker.run(TestMethodWorker.java:111)
	at java.util.concurrent.ThreadPoolExecutor.runWorker(Unknown Source)
	at java.util.concurrent.ThreadPoolExecutor$Worker.run(Unknown Source)
	at java.lang.Thread.run(Unknown Source)
</div></td></tr></table><p class="totop"><a href="#summary">back to summary</a></p><h3 id="m4">com.rediff.testcases.LoginTest#TearDown</h3><table class="result"><tr class="param"><th>Parameter #1</th><th>Parameter #2</th></tr><tr class="param stripe"><td>[TestResult name=blankUserNameWrongPasswordLoginTest status=SKIP method=LoginTest.blankUserNameWrongPasswordLoginTest()[pri:0, instance:com.rediff.testcases.LoginTest@24c6ab] output={null}]</td><td>public void com.rediff.testcases.LoginTest.blankUserNameWrongPasswordLoginTest() throws com.framework.exception.MyException</td></tr><tr><th colspan="2">Exception</th></tr><tr><td colspan="2"><div class="stacktrace">com.framework.exception.MyException: TestBase -&gt; embedScreenShotIntoReport() - null
	at com.framework.report.CaptureBrowserScreenShot.embedScreenShotIntoReport(CaptureBrowserScreenShot.java:88)
	at com.framework.testtemplate.TestBase.TearDown(TestBase.java:202)
	at sun.reflect.NativeMethodAccessorImpl.invoke0(Native Method)
	at sun.reflect.NativeMethodAccessorImpl.invoke(Unknown Source)
	at sun.reflect.DelegatingMethodAccessorImpl.invoke(Unknown Source)
	at java.lang.reflect.Method.invoke(Unknown Source)
	at org.testng.internal.MethodInvocationHelper.invokeMethod(MethodInvocationHelper.java:84)
	at org.testng.internal.Invoker.invokeConfigurationMethod(Invoker.java:564)
	at org.testng.internal.Invoker.invokeConfigurations(Invoker.java:213)
	at org.testng.internal.Invoker.invokeMethod(Invoker.java:786)
	at org.testng.internal.Invoker.invokeTestMethod(Invoker.java:901)
	at org.testng.internal.Invoker.invokeTestMethods(Invoker.java:1231)
	at org.testng.internal.TestMethodWorker.invokeTestMethods(TestMethodWorker.java:127)
	at org.testng.internal.TestMethodWorker.run(TestMethodWorker.java:111)
	at java.util.concurrent.ThreadPoolExecutor.runWorker(Unknown Source)
	at java.util.concurrent.ThreadPoolExecutor$Worker.run(Unknown Source)
	at java.lang.Thread.run(Unknown Source)
</div></td></tr></table><p class="totop"><a href="#summary">back to summary</a></p><h3 id="m5">com.rediff.testcases.LoginTest#TearDown</h3><table class="result"><tr class="param"><th>Parameter #1</th><th>Parameter #2</th></tr><tr class="param stripe"><td>[TestResult name=blankUserNameRightPasswordLoginTest status=SKIP method=LoginTest.blankUserNameRightPasswordLoginTest(java.util.Hashtable)[pri:0, instance:com.rediff.testcases.LoginTest@24c6ab] output={null}]</td><td>public void com.rediff.testcases.LoginTest.blankUserNameRightPasswordLoginTest(java.util.Hashtable) throws com.framework.exception.MyException</td></tr><tr><th colspan="2">Exception</th></tr><tr><td colspan="2"><div class="stacktrace">com.framework.exception.MyException: TestBase -&gt; embedScreenShotIntoReport() - null
	at com.framework.report.CaptureBrowserScreenShot.embedScreenShotIntoReport(CaptureBrowserScreenShot.java:88)
	at com.framework.testtemplate.TestBase.TearDown(TestBase.java:202)
	at sun.reflect.NativeMethodAccessorImpl.invoke0(Native Method)
	at sun.reflect.NativeMethodAccessorImpl.invoke(Unknown Source)
	at sun.reflect.DelegatingMethodAccessorImpl.invoke(Unknown Source)
	at java.lang.reflect.Method.invoke(Unknown Source)
	at org.testng.internal.MethodInvocationHelper.invokeMethod(MethodInvocationHelper.java:84)
	at org.testng.internal.Invoker.invokeConfigurationMethod(Invoker.java:564)
	at org.testng.internal.Invoker.invokeConfigurations(Invoker.java:213)
	at org.testng.internal.Invoker.invokeMethod(Invoker.java:786)
	at org.testng.internal.Invoker.invokeTestMethod(Invoker.java:901)
	at org.testng.internal.Invoker.invokeTestMethods(Invoker.java:1231)
	at org.testng.internal.TestMethodWorker.invokeTestMethods(TestMethodWorker.java:127)
	at org.testng.internal.TestMethodWorker.run(TestMethodWorker.java:111)
	at java.util.concurrent.ThreadPoolExecutor.runWorker(Unknown Source)
	at java.util.concurrent.ThreadPoolExecutor$Worker.run(Unknown Source)
	at java.lang.Thread.run(Unknown Source)
</div></td></tr></table><p class="totop"><a href="#summary">back to summary</a></p><h3 id="m6">com.rediff.testcases.LoginTest#TearDown</h3><table class="result"><tr class="param"><th>Parameter #1</th><th>Parameter #2</th></tr><tr class="param stripe"><td>[TestResult name=rightUserNameWrongPasswordLoginTest status=SKIP method=LoginTest.rightUserNameWrongPasswordLoginTest()[pri:0, instance:com.rediff.testcases.LoginTest@24c6ab] output={null}]</td><td>public void com.rediff.testcases.LoginTest.rightUserNameWrongPasswordLoginTest() throws com.framework.exception.MyException</td></tr><tr><th colspan="2">Exception</th></tr><tr><td colspan="2"><div class="stacktrace">com.framework.exception.MyException: TestBase -&gt; embedScreenShotIntoReport() - null
	at com.framework.report.CaptureBrowserScreenShot.embedScreenShotIntoReport(CaptureBrowserScreenShot.java:88)
	at com.framework.testtemplate.TestBase.TearDown(TestBase.java:202)
	at sun.reflect.NativeMethodAccessorImpl.invoke0(Native Method)
	at sun.reflect.NativeMethodAccessorImpl.invoke(Unknown Source)
	at sun.reflect.DelegatingMethodAccessorImpl.invoke(Unknown Source)
	at java.lang.reflect.Method.invoke(Unknown Source)
	at org.testng.internal.MethodInvocationHelper.invokeMethod(MethodInvocationHelper.java:84)
	at org.testng.internal.Invoker.invokeConfigurationMethod(Invoker.java:564)
	at org.testng.internal.Invoker.invokeConfigurations(Invoker.java:213)
	at org.testng.internal.Invoker.invokeMethod(Invoker.java:786)
	at org.testng.internal.Invoker.invokeTestMethod(Invoker.java:901)
	at org.testng.internal.Invoker.invokeTestMethods(Invoker.java:1231)
	at org.testng.internal.TestMethodWorker.invokeTestMethods(TestMethodWorker.java:127)
	at org.testng.internal.TestMethodWorker.run(TestMethodWorker.java:111)
	at java.util.concurrent.ThreadPoolExecutor.runWorker(Unknown Source)
	at java.util.concurrent.ThreadPoolExecutor$Worker.run(Unknown Source)
	at java.lang.Thread.run(Unknown Source)
</div></td></tr></table><p class="totop"><a href="#summary">back to summary</a></p><h3 id="m7">com.rediff.testcases.LoginTest#TearDown</h3><table class="result"><tr class="param"><th>Parameter #1</th><th>Parameter #2</th></tr><tr class="param stripe"><td>[TestResult name=sucessfullLoginTest status=SKIP method=LoginTest.sucessfullLoginTest(java.util.Hashtable)[pri:0, instance:com.rediff.testcases.LoginTest@24c6ab] output={null}]</td><td>public void com.rediff.testcases.LoginTest.sucessfullLoginTest(java.util.Hashtable) throws com.framework.exception.MyException</td></tr><tr><th colspan="2">Exception</th></tr><tr><td colspan="2"><div class="stacktrace">com.framework.exception.MyException: TestBase -&gt; embedScreenShotIntoReport() - null
	at com.framework.report.CaptureBrowserScreenShot.embedScreenShotIntoReport(CaptureBrowserScreenShot.java:88)
	at com.framework.testtemplate.TestBase.TearDown(TestBase.java:202)
	at sun.reflect.NativeMethodAccessorImpl.invoke0(Native Method)
	at sun.reflect.NativeMethodAccessorImpl.invoke(Unknown Source)
	at sun.reflect.DelegatingMethodAccessorImpl.invoke(Unknown Source)
	at java.lang.reflect.Method.invoke(Unknown Source)
	at org.testng.internal.MethodInvocationHelper.invokeMethod(MethodInvocationHelper.java:84)
	at org.testng.internal.Invoker.invokeConfigurationMethod(Invoker.java:564)
	at org.testng.internal.Invoker.invokeConfigurations(Invoker.java:213)
	at org.testng.internal.Invoker.invokeMethod(Invoker.java:786)
	at org.testng.internal.Invoker.invokeTestMethod(Invoker.java:901)
	at org.testng.internal.Invoker.invokeTestMethods(Invoker.java:1231)
	at org.testng.internal.TestMethodWorker.invokeTestMethods(TestMethodWorker.java:127)
	at org.testng.internal.TestMethodWorker.run(TestMethodWorker.java:111)
	at java.util.concurrent.ThreadPoolExecutor.runWorker(Unknown Source)
	at java.util.concurrent.ThreadPoolExecutor$Worker.run(Unknown Source)
	at java.lang.Thread.run(Unknown Source)
</div></td></tr></table><p class="totop"><a href="#summary">back to summary</a></p><h3 id="m8">com.rediff.testcases.LoginTest#TearDown</h3><table class="result"><tr class="param"><th>Parameter #1</th><th>Parameter #2</th></tr><tr class="param stripe"><td>[TestResult name=wrongUserNameWrongPasswordLoginTest status=SKIP method=LoginTest.wrongUserNameWrongPasswordLoginTest()[pri:0, instance:com.rediff.testcases.LoginTest@24c6ab] output={null}]</td><td>public void com.rediff.testcases.LoginTest.wrongUserNameWrongPasswordLoginTest() throws com.framework.exception.MyException</td></tr><tr><th colspan="2">Exception</th></tr><tr><td colspan="2"><div class="stacktrace">com.framework.exception.MyException: TestBase -&gt; embedScreenShotIntoReport() - null
	at com.framework.report.CaptureBrowserScreenShot.embedScreenShotIntoReport(CaptureBrowserScreenShot.java:88)
	at com.framework.testtemplate.TestBase.TearDown(TestBase.java:202)
	at sun.reflect.NativeMethodAccessorImpl.invoke0(Native Method)
	at sun.reflect.NativeMethodAccessorImpl.invoke(Unknown Source)
	at sun.reflect.DelegatingMethodAccessorImpl.invoke(Unknown Source)
	at java.lang.reflect.Method.invoke(Unknown Source)
	at org.testng.internal.MethodInvocationHelper.invokeMethod(MethodInvocationHelper.java:84)
	at org.testng.internal.Invoker.invokeConfigurationMethod(Invoker.java:564)
	at org.testng.internal.Invoker.invokeConfigurations(Invoker.java:213)
	at org.testng.internal.Invoker.invokeMethod(Invoker.java:786)
	at org.testng.internal.Invoker.invokeTestMethod(Invoker.java:901)
	at org.testng.internal.Invoker.invokeTestMethods(Invoker.java:1231)
	at org.testng.internal.TestMethodWorker.invokeTestMethods(TestMethodWorker.java:127)
	at org.testng.internal.TestMethodWorker.run(TestMethodWorker.java:111)
	at java.util.concurrent.ThreadPoolExecutor.runWorker(Unknown Source)
	at java.util.concurrent.ThreadPoolExecutor$Worker.run(Unknown Source)
	at java.lang.Thread.run(Unknown Source)
</div></td></tr></table><p class="totop"><a href="#summary">back to summary</a></p><h3 id="m9">com.rediff.testcases.LoginTest#TearDown</h3><table class="result"><tr class="param"><th>Parameter #1</th><th>Parameter #2</th></tr><tr class="param stripe"><td>[TestResult name=wrongUserNameBlankPasswordLoginTest status=SKIP method=LoginTest.wrongUserNameBlankPasswordLoginTest()[pri:0, instance:com.rediff.testcases.LoginTest@24c6ab] output={null}]</td><td>public void com.rediff.testcases.LoginTest.wrongUserNameBlankPasswordLoginTest() throws com.framework.exception.MyException</td></tr><tr><th colspan="2">Exception</th></tr><tr><td colspan="2"><div class="stacktrace">com.framework.exception.MyException: TestBase -&gt; embedScreenShotIntoReport() - null
	at com.framework.report.CaptureBrowserScreenShot.embedScreenShotIntoReport(CaptureBrowserScreenShot.java:88)
	at com.framework.testtemplate.TestBase.TearDown(TestBase.java:202)
	at sun.reflect.NativeMethodAccessorImpl.invoke0(Native Method)
	at sun.reflect.NativeMethodAccessorImpl.invoke(Unknown Source)
	at sun.reflect.DelegatingMethodAccessorImpl.invoke(Unknown Source)
	at java.lang.reflect.Method.invoke(Unknown Source)
	at org.testng.internal.MethodInvocationHelper.invokeMethod(MethodInvocationHelper.java:84)
	at org.testng.internal.Invoker.invokeConfigurationMethod(Invoker.java:564)
	at org.testng.internal.Invoker.invokeConfigurations(Invoker.java:213)
	at org.testng.internal.Invoker.invokeMethod(Invoker.java:786)
	at org.testng.internal.Invoker.invokeTestMethod(Invoker.java:901)
	at org.testng.internal.Invoker.invokeTestMethods(Invoker.java:1231)
	at org.testng.internal.TestMethodWorker.invokeTestMethods(TestMethodWorker.java:127)
	at org.testng.internal.TestMethodWorker.run(TestMethodWorker.java:111)
	at java.util.concurrent.ThreadPoolExecutor.runWorker(Unknown Source)
	at java.util.concurrent.ThreadPoolExecutor$Worker.run(Unknown Source)
	at java.lang.Thread.run(Unknown Source)
</div></td></tr></table><p class="totop"><a href="#summary">back to summary</a></p><h3 id="m10">com.rediff.testcases.LoginTest#classSetUp</h3><table class="result"><tr class="param"><th>Parameter #1</th></tr><tr class="param stripe"><td>localhost</td></tr><tr><th>Exception</th></tr><tr><td><div class="stacktrace">com.framework.exception.MyException: Error in connecting with Remote WebDriverorg.openqa.selenium.remote.UnreachableBrowserException: Could not start a new session. Possible causes are invalid address of the remote server or browser start-up failure.
Build info: version: &apos;2.42.1&apos;, revision: &apos;68b415adb11acca4286be45124325cc36cfc4a51&apos;, time: &apos;2014-05-29 09:21:55&apos;
System info: host: &apos;SDGL691&apos;, ip: &apos;10.20.20.29&apos;, os.name: &apos;Windows 7&apos;, os.arch: &apos;x86&apos;, os.version: &apos;6.1&apos;, java.version: &apos;1.7.0_67&apos;
Driver info: driver.version: RemoteWebDriver
	at com.framework.testtemplate.TestBase.startWebDriver(TestBase.java:116)
	at com.rediff.testcases.LoginTest.classSetUp(LoginTest.java:40)
	at sun.reflect.NativeMethodAccessorImpl.invoke0(Native Method)
	at sun.reflect.NativeMethodAccessorImpl.invoke(Unknown Source)
	at sun.reflect.DelegatingMethodAccessorImpl.invoke(Unknown Source)
	at java.lang.reflect.Method.invoke(Unknown Source)
	at org.testng.internal.MethodInvocationHelper.invokeMethod(MethodInvocationHelper.java:84)
	at org.testng.internal.Invoker.invokeConfigurationMethod(Invoker.java:564)
	at org.testng.internal.Invoker.invokeConfigurations(Invoker.java:213)
	at org.testng.internal.Invoker.invokeConfigurations(Invoker.java:138)
	at org.testng.internal.TestMethodWorker.invokeBeforeClassMethods(TestMethodWorker.java:175)
	at org.testng.internal.TestMethodWorker.run(TestMethodWorker.java:107)
	at java.util.concurrent.ThreadPoolExecutor.runWorker(Unknown Source)
	at java.util.concurrent.ThreadPoolExecutor$Worker.run(Unknown Source)
	at java.lang.Thread.run(Unknown Source)
</div></td></tr></table><p class="totop"><a href="#summary">back to summary</a></p><h3 id="m11">com.rediff.testcases.LoginTest#rightUserNameBlankPasswordLoginTest</h3><table class="result"><tr><th>Exception</th></tr><tr><td><div class="stacktrace">org.testng.TestNGException: 
The data provider is trying to pass 1 parameters but the method com.rediff.testcases.LoginTest#rightUserNameBlankPasswordLoginTest takes 0
	at org.testng.internal.Invoker.injectParameters(Invoker.java:1337)
	at org.testng.internal.Invoker.invokeTestMethods(Invoker.java:1225)
	at org.testng.internal.TestMethodWorker.invokeTestMethods(TestMethodWorker.java:127)
	at org.testng.internal.TestMethodWorker.run(TestMethodWorker.java:111)
	at java.util.concurrent.ThreadPoolExecutor.runWorker(Unknown Source)
	at java.util.concurrent.ThreadPoolExecutor$Worker.run(Unknown Source)
	at java.lang.Thread.run(Unknown Source)
</div></td></tr></table><p class="totop"><a href="#summary">back to summary</a></p><h3 id="m12">com.rediff.testcases.HomePageTest#HomePageTestSetUp</h3><table class="result"></table><p class="totop"><a href="#summary">back to summary</a></p><h3 id="m13">com.rediff.testcases.LoginTest#LoginTestSetUp</h3><table class="result"></table><p class="totop"><a href="#summary">back to summary</a></p><h3 id="m14">com.rediff.testcases.LoginTest#LoginTestSetUp</h3><table class="result"></table><p class="totop"><a href="#summary">back to summary</a></p><h3 id="m15">com.rediff.testcases.LoginTest#LoginTestSetUp</h3><table class="result"></table><p class="totop"><a href="#summary">back to summary</a></p><h3 id="m16">com.rediff.testcases.LoginTest#LoginTestSetUp</h3><table class="result"></table><p class="totop"><a href="#summary">back to summary</a></p><h3 id="m17">com.rediff.testcases.LoginTest#LoginTestSetUp</h3><table class="result"></table><p class="totop"><a href="#summary">back to summary</a></p><h3 id="m18">com.rediff.testcases.LoginTest#LoginTestSetUp</h3><table class="result"></table><p class="totop"><a href="#summary">back to summary</a></p><h3 id="m19">com.rediff.testcases.LoginTest#LoginTestSetUp</h3><table class="result"></table><p class="totop"><a href="#summary">back to summary</a></p><h3 id="m20">com.rediff.testcases.LoginTest#LoginTestSetUp</h3><table class="result"></table><p class="totop"><a href="#summary">back to summary</a></p><h3 id="m21">com.rediff.testcases.HomePageTest#verifyBrokenLink</h3><table class="result"></table><p class="totop"><a href="#summary">back to summary</a></p><h3 id="m22">com.rediff.testcases.LoginTest#blankUserNameBlankPasswordLoginTest</h3><table class="result"></table><p class="totop"><a href="#summary">back to summary</a></p><h3 id="m23">com.rediff.testcases.LoginTest#blankUserNameRightPasswordLoginTest</h3><table class="result"><tr class="param"><th>Parameter #1</th></tr><tr class="param stripe"><td>{Username=ancd@gmail.com, Password=affirm123}</td></tr></table><p class="totop"><a href="#summary">back to summary</a></p><h3 id="m24">com.rediff.testcases.LoginTest#blankUserNameWrongPasswordLoginTest</h3><table class="result"></table><p class="totop"><a href="#summary">back to summary</a></p><h3 id="m25">com.rediff.testcases.LoginTest#rightUserNameWrongPasswordLoginTest</h3><table class="result"></table><p class="totop"><a href="#summary">back to summary</a></p><h3 id="m26">com.rediff.testcases.LoginTest#sucessfullLoginTest</h3><table class="result"><tr class="param"><th>Parameter #1</th></tr><tr class="param stripe"><td>{Username=ancd@gmail.com, Password=affirm123, Runmode=Y, Flag=Y}</td></tr></table><p class="totop"><a href="#summary">back to summary</a></p><h3 id="m27">com.rediff.testcases.LoginTest#wrongUserNameBlankPasswordLoginTest</h3><table class="result"></table><p class="totop"><a href="#summary">back to summary</a></p><h3 id="m28">com.rediff.testcases.LoginTest#wrongUserNameRightPasswordLoginTest</h3><table class="result"></table><p class="totop"><a href="#summary">back to summary</a></p><h3 id="m29">com.rediff.testcases.LoginTest#wrongUserNameWrongPasswordLoginTest</h3><table class="result"></table><p class="totop"><a href="#summary">back to summary</a></p></body></html>